mktextfm FiraCode-Retina
mktextfm FiraCode-Retina
mktextfm FiraCode-Retina
mktextfm FiraCode-Retina/BI
mktextfm FiraCode-Retina
mktextfm FiraCode-Retina/B
mktextfm FiraCode-Retina
mktextfm FiraCode-Retina/I
mktextfm FiraCode-Retina
mktextfm FiraCode-Retina
mktextfm FiraCode-Retina
mktextfm FiraCode-Retina
mktextfm FiraCode-Retina
mktextfm FiraCode-Retina/BI
mktextfm FiraCode-Retina
mktextfm FiraCode-Retina/B
mktextfm FiraCode-Retina
mktextfm FiraCode-Retina/I
mktextfm FiraCode-Retina
mktextfm FiraCode-Retina
mktextfm FiraCode-Retina
mktextfm FiraCode-Retina
mktextfm FiraCode-Retina
mktextfm FiraCode-Retina/BI
mktextfm FiraCode-Retina
mktextfm FiraCode-Retina/B
mktextfm FiraCode-Retina
mktextfm FiraCode-Retina/I
mktextfm FiraCode-Retina
mktextfm FiraCode-Retina
mktextfm FandolSong-Regular/OT
mktextfm FandolSong-Regular/OT
mktextfm FandolSong-Bold/OT
mktextfm FandolSong-Bold/I/OT
mktextfm FandolSong-Regular/OT
mktextfm FandolSong-Regular/BI/OT
mktextfm FandolSong-Regular/OT
mktextfm FandolSong-Regular/I/OT
mktextfm FandolSong-Regular/OT
mktextfm FandolSong-Regular/OT
mktextfm FandolSong-Bold/OT
mktextfm FandolSong-Bold/OT
mktextfm FiraCode-Retina
mktextfm FiraCode-Retina
mktextfm FiraCode-Retina
mktextfm FiraCode-Retina/BI
mktextfm FiraCode-Retina
mktextfm FiraCode-Retina/B
mktextfm FiraCode-Retina
mktextfm FiraCode-Retina/I
mktextfm FiraCode-Retina
mktextfm FiraCode-Retina
mktextfm FandolSong-Regular/OT
mktextfm FandolSong-Regular/OT
mktextfm FandolSong-Regular/OT
mktextfm FandolSong-Regular/BI/OT
mktextfm FandolSong-Regular/OT
mktextfm FandolSong-Regular/I/OT
mktextfm FandolSong-Regular/OT
mktextfm FandolSong-Regular/OT
mktextfm STXihei/OT
mktextfm STXihei/OT
mktextfm STXihei/OT
mktextfm STXihei/I/OT
mktextfm STXihei/OT
mktextfm STXihei/BI/OT
mktextfm STXihei/OT
mktextfm STXihei/I/OT
mktextfm STXihei/OT
mktextfm STXihei/OT
mktextfm STXihei/OT
mktextfm STXihei/OT
mktextfm STXihei/OT
mktextfm STXihei/OT
mktextfm STXihei/OT
mktextfm STXihei/I/OT
mktextfm STXihei/OT
mktextfm STXihei/BI/OT
mktextfm STXihei/OT
mktextfm STXihei/I/OT
mktextfm STXihei/OT
mktextfm STXihei/OT
mktextfm STXihei/OT
mktextfm STXihei/OT
