mktextfm FandolSong-Regular/ICU
mktextfm FandolSong-Regular/ICU
mktextfm FandolSong-Regular/ICU
mktextfm FandolSong-Bold/ICU
mktextfm FandolKai/ICU
mktextfm FandolSong-Bold/ICU
mktextfm FandolSong-Bold/I/ICU
mktextfm nullfont
mktextfm SimSong/ICU
mktextfm SimSong/ICU
mktextfm SimSong/ICU
mktextfm Simsun/OT
mktextfm Simsun/OT
mktextfm Simsun/OT
mktextfm Simsun/I/OT
mktextfm Simsun/OT
mktextfm Simsun/BI/OT
mktextfm Simsun/OT
mktextfm Simsun/I/OT
mktextfm Simsun/OT
mktextfm Simsun/OT
mktextfm Simsun/OT
mktextfm Simsun/OT
